Added Component: Designator=?(VFQFPN-24)
Add component. Clean all parameters for all variants
Add component (AddParameter): Name = "DeviceName"; Value = ""; VariantName = "[No Variations]"
Add component (AddParameter): Name = "DeviceSetName"; Value = "IDT-F1958"; VariantName = "[No Variations]"
Add component (AddParameter): Name = "GateName_1"; Value = "G$1"; VariantName = "[No Variations]"
Add component (AddParameter): Name = "LibraryName"; Value = "wcsn_parts"; VariantName = "[No Variations]"
Add component (AddParameter): Name = "Package"; Value = "VFQFPN-24"; VariantName = "[No Variations]"
Add component (AddParameter): Name = "SymbolName_1"; Value = "F1958"; VariantName = "[No Variations]"
Added Component: Designator=?(VFQFPN-24)
Add component. Clean all parameters for all variants
Add component (AddParameter): Name = "DeviceName"; Value = ""; VariantName = "[No Variations]"
Add component (AddParameter): Name = "DeviceSetName"; Value = "IDT-F1958"; VariantName = "[No Variations]"
Add component (AddParameter): Name = "GateName_1"; Value = "G$1"; VariantName = "[No Variations]"
Add component (AddParameter): Name = "LibraryName"; Value = "wcsn_parts"; VariantName = "[No Variations]"
Add component (AddParameter): Name = "Package"; Value = "VFQFPN-24"; VariantName = "[No Variations]"
Add component (AddParameter): Name = "SymbolName_1"; Value = "F1958"; VariantName = "[No Variations]"
Added Component: Designator=?(VFQFPN-24)
Add component. Clean all parameters for all variants
Add component (AddParameter): Name = "DeviceName"; Value = ""; VariantName = "[No Variations]"
Add component (AddParameter): Name = "DeviceSetName"; Value = "IDT-F1958"; VariantName = "[No Variations]"
Add component (AddParameter): Name = "GateName_1"; Value = "G$1"; VariantName = "[No Variations]"
Add component (AddParameter): Name = "LibraryName"; Value = "wcsn_parts"; VariantName = "[No Variations]"
Add component (AddParameter): Name = "Package"; Value = "VFQFPN-24"; VariantName = "[No Variations]"
Add component (AddParameter): Name = "SymbolName_1"; Value = "F1958"; VariantName = "[No Variations]"
Added Component: Designator=?(VFQFPN-24)
Add component. Clean all parameters for all variants
Add component (AddParameter): Name = "DeviceName"; Value = ""; VariantName = "[No Variations]"
Add component (AddParameter): Name = "DeviceSetName"; Value = "IDT-F1958"; VariantName = "[No Variations]"
Add component (AddParameter): Name = "GateName_1"; Value = "G$1"; VariantName = "[No Variations]"
Add component (AddParameter): Name = "LibraryName"; Value = "wcsn_parts"; VariantName = "[No Variations]"
Add component (AddParameter): Name = "Package"; Value = "VFQFPN-24"; VariantName = "[No Variations]"
Add component (AddParameter): Name = "SymbolName_1"; Value = "F1958"; VariantName = "[No Variations]"
Added Component: Designator=?(VFQFPN-24)
Add component. Clean all parameters for all variants
Add component (AddParameter): Name = "DeviceName"; Value = ""; VariantName = "[No Variations]"
Add component (AddParameter): Name = "DeviceSetName"; Value = "IDT-F1958"; VariantName = "[No Variations]"
Add component (AddParameter): Name = "GateName_1"; Value = "G$1"; VariantName = "[No Variations]"
Add component (AddParameter): Name = "LibraryName"; Value = "wcsn_parts"; VariantName = "[No Variations]"
Add component (AddParameter): Name = "Package"; Value = "VFQFPN-24"; VariantName = "[No Variations]"
Add component (AddParameter): Name = "SymbolName_1"; Value = "F1958"; VariantName = "[No Variations]"
Added Component: Designator=?(VFQFPN-24)
Add component. Clean all parameters for all variants
Add component (AddParameter): Name = "DeviceName"; Value = ""; VariantName = "[No Variations]"
Add component (AddParameter): Name = "DeviceSetName"; Value = "IDT-F1958"; VariantName = "[No Variations]"
Add component (AddParameter): Name = "GateName_1"; Value = "G$1"; VariantName = "[No Variations]"
Add component (AddParameter): Name = "LibraryName"; Value = "wcsn_parts"; VariantName = "[No Variations]"
Add component (AddParameter): Name = "Package"; Value = "VFQFPN-24"; VariantName = "[No Variations]"
Add component (AddParameter): Name = "SymbolName_1"; Value = "F1958"; VariantName = "[No Variations]"
Added Component: Designator=?(VFQFPN-24)
Add component. Clean all parameters for all variants
Add component (AddParameter): Name = "DeviceName"; Value = ""; VariantName = "[No Variations]"
Add component (AddParameter): Name = "DeviceSetName"; Value = "IDT-F1958"; VariantName = "[No Variations]"
Add component (AddParameter): Name = "GateName_1"; Value = "G$1"; VariantName = "[No Variations]"
Add component (AddParameter): Name = "LibraryName"; Value = "wcsn_parts"; VariantName = "[No Variations]"
Add component (AddParameter): Name = "Package"; Value = "VFQFPN-24"; VariantName = "[No Variations]"
Add component (AddParameter): Name = "SymbolName_1"; Value = "F1958"; VariantName = "[No Variations]"
Added Component: Designator=?(VFQFPN-24)
Add component. Clean all parameters for all variants
Add component (AddParameter): Name = "DeviceName"; Value = ""; VariantName = "[No Variations]"
Add component (AddParameter): Name = "DeviceSetName"; Value = "IDT-F1958"; VariantName = "[No Variations]"
Add component (AddParameter): Name = "GateName_1"; Value = "G$1"; VariantName = "[No Variations]"
Add component (AddParameter): Name = "LibraryName"; Value = "wcsn_parts"; VariantName = "[No Variations]"
Add component (AddParameter): Name = "Package"; Value = "VFQFPN-24"; VariantName = "[No Variations]"
Add component (AddParameter): Name = "SymbolName_1"; Value = "F1958"; VariantName = "[No Variations]"
Added Member To Class: ClassName=v1_1_1 Member=Component ? IDT-F1958
Added Member To Class: ClassName=v1_1_1 Member=Component ? IDT-F1958
Added Member To Class: ClassName=v1_1_1 Member=Component ? IDT-F1958
Added Member To Class: ClassName=v1_1_1 Member=Component ? IDT-F1958
Added Member To Class: ClassName=v1_1_1 Member=Component ? IDT-F1958
Added Member To Class: ClassName=v1_1_1 Member=Component ? IDT-F1958
Added Member To Class: ClassName=v1_1_1 Member=Component ? IDT-F1958
Added Member To Class: ClassName=v1_1_1 Member=Component ? IDT-F1958
Added Member To Class: ClassName=v1_1_1 Member=Component J? SMA 50 Ohm edge
Added Member To Class: ClassName=v1_1_1 Member=Component J? SMA 50 Ohm edge
Added Member To Class: ClassName=v1_1_1 Member=Component J? SMA 50 Ohm edge
Added Room: Name=v1_1_1
