Removed Pin From Net: NetName=LE1 Pin=A?-16
Removed Pin From Net: NetName=LE1 Pin=A?-16
Removed Pin From Net: NetName=LE1 Pin=A?-16
Removed Pin From Net: NetName=D0 Pin=C?-2
Removed Pin From Net: NetName=D0 Pin=C?-2
Removed Pin From Net: NetName=D1 Pin=C?-2
Removed Pin From Net: NetName=D1 Pin=C?-2
Removed Pin From Net: NetName=D2 Pin=C?-2
Removed Pin From Net: NetName=D3 Pin=C?-2
Removed Pin From Net: NetName=D4 Pin=C?-2
Removed Pin From Net: NetName=D5 Pin=C?-2
Removed Pin From Net: NetName=D6 Pin=C?-2
Removed Pin From Net: NetName=GND Pin=R?-2
Removed Pin From Net: NetName=GND Pin=R?-2
Removed Pin From Net: NetName=GND Pin=R?-2
Removed Pin From Net: NetName=GND Pin=R?-2
Removed Pin From Net: NetName=GND Pin=R?-2
Removed Pin From Net: NetName=GND Pin=R?-2
Removed Pin From Net: NetName=GND Pin=R?-2
Removed Pin From Net: NetName=GND Pin=R?-2
Removed Pin From Net: NetName=GND Pin=R?-2
Change Component Footprint: Designator=C? Old Footprint=CAPC1608X90X35ML15T15 New Footprint=*CAPC1608X90
Change Component Footprint: Designator=C? Old Footprint=CAPC1608X90X35ML15T15 New Footprint=*CAPC1608X90
Change Component Footprint: Designator=C? Old Footprint=CAPC1608X90X35ML15T15 New Footprint=*CAPC1608X90
Change Component Footprint: Designator=C? Old Footprint=CAPC1608X90X35ML15T15 New Footprint=*CAPC1608X90
Change Component Footprint: Designator=R? Old Footprint=RESC1608X55X30LL20T20 New Footprint=RESC1608X55X30NL15T15
Change Component Footprint: Designator=R? Old Footprint=RESC1608X55X30LL20T20 New Footprint=RESC1608X55X30NL15T15
Change Component Footprint: Designator=R? Old Footprint=RESC1608X55X30LL20T20 New Footprint=RESC1608X55X30NL15T15
Change Component Footprint: Designator=R? Old Footprint=RESC1608X55X30LL20T20 New Footprint=RESC1608X55X30NL15T15
Change Component Comment : Designator=R? Old Comment=100 New Comment=0
Change Component Comment : Designator=R? Old Comment=100 New Comment=0
Change Component Comment : Designator=R? Old Comment=100 New Comment=0
Change Component Comment : Designator=R? Old Comment=100 New Comment=0
Change Component Comment : Designator=R? Old Comment=100 New Comment=0
Change Component Comment : Designator=R? Old Comment=100 New Comment=0
Change Component Comment : Designator=R? Old Comment=100 New Comment=0
Change Component Comment : Designator=R? Old Comment=100 New Comment=0
Change Component Comment : Designator=C? Old Comment=100pF New Comment=10nF
Change Component Comment : Designator=C? Old Comment=100pF New Comment=10nF
Change Component Comment : Designator=C? Old Comment=100pF New Comment=10nF
Change Component Comment : Designator=C? Old Comment=100pF New Comment=10nF
Change Component Designator: OldDesignator=A? NewDesignator=A2
Change Component Designator: OldDesignator=A? NewDesignator=A3
Change Component Designator: OldDesignator=A? NewDesignator=A4
Change component parameters: Designator = "R?"; Footprint = "RESC1608X55X30NL15T15"; UniqueID = "\LPDHYNPK"
Change component parameters. Clean all parameters for all variants
Change component parameters (AddParameter): Name = "Manufacturer"; Value = "Panasonic"; VariantName = "[No Variations]"
Change component parameters (AddParameter): Name = "Part Number"; Value = "ERJ-3GEY0R00V"; VariantName = "[No Variations]"
Change component parameters: Designator = "R?"; Footprint = "RESC1608X55X30NL15T15"; UniqueID = "\VCYVGHQF"
Change component parameters. Clean all parameters for all variants
Change component parameters (AddParameter): Name = "Manufacturer"; Value = "Panasonic"; VariantName = "[No Variations]"
Change component parameters (AddParameter): Name = "Part Number"; Value = "ERJ-3GEY0R00V"; VariantName = "[No Variations]"
Change component parameters: Designator = "R?"; Footprint = "RESC1608X55X30NL15T15"; UniqueID = "\CROKDXWE"
Change component parameters. Clean all parameters for all variants
Change component parameters (AddParameter): Name = "Manufacturer"; Value = "Panasonic"; VariantName = "[No Variations]"
Change component parameters (AddParameter): Name = "Part Number"; Value = "ERJ-3GEY0R00V"; VariantName = "[No Variations]"
Change component parameters: Designator = "R?"; Footprint = "RESC1608X55X30NL15T15"; UniqueID = "\VWGKARQM"
Change component parameters. Clean all parameters for all variants
Change component parameters (AddParameter): Name = "Manufacturer"; Value = "Panasonic"; VariantName = "[No Variations]"
Change component parameters (AddParameter): Name = "Part Number"; Value = "ERJ-3GEY0R00V"; VariantName = "[No Variations]"
Change component parameters: Designator = "C?"; Footprint = "*CAPC1608X90"; UniqueID = "\EFWZGNCC"
Change component parameters. Clean all parameters for all variants
Change component parameters (AddParameter): Name = "Digi-Key_Part_Number"; Value = "311-1085-1-ND"; VariantName = "[No Variations]"
Change component parameters (AddParameter): Name = "Digi-Key_Purchase_URL"; Value = "https://www.digikey.com/product-detail/en/yageo/CC0603KRX7R9BB103/311-1085-1-ND/302995?utm_source=snapeda&utm_medium=aggregator&utm_campaign=symbol"; VariantName = "[No Variations]"
Change component parameters (AddParameter): Name = "MF"; Value = "Yageo"; VariantName = "[No Variations]"
Change component parameters (AddParameter): Name = "MP"; Value = "CC0603KRX7R9BB103"; VariantName = "[No Variations]"
Change component parameters (AddParameter): Name = "Package"; Value = "0603 Yageo"; VariantName = "[No Variations]"
Change component parameters (AddParameter): Name = "SnapEDA_Link"; Value = "https://www.snapeda.com/parts/CC0603KRX7R9BB103/Yageo/view-part/?ref=snap"; VariantName = "[No Variations]"
Change component parameters (AddParameter): Name = "Supplier 1"; Value = "Digi-Key"; VariantName = "[No Variations]"
Change component parameters (AddParameter): Name = "Supplier Part Number 1"; Value = "311-1085-1-ND"; VariantName = "[No Variations]"
Change component parameters (AddParameter): Name = "Value"; Value = ""; VariantName = "[No Variations]"
Change component parameters: Designator = "C?"; Footprint = "*CAPC1608X90"; UniqueID = "\RTBXERTQ"
Change component parameters. Clean all parameters for all variants
Change component parameters (AddParameter): Name = "Digi-Key_Part_Number"; Value = "311-1085-1-ND"; VariantName = "[No Variations]"
Change component parameters (AddParameter): Name = "Digi-Key_Purchase_URL"; Value = "https://www.digikey.com/product-detail/en/yageo/CC0603KRX7R9BB103/311-1085-1-ND/302995?utm_source=snapeda&utm_medium=aggregator&utm_campaign=symbol"; VariantName = "[No Variations]"
Change component parameters (AddParameter): Name = "MF"; Value = "Yageo"; VariantName = "[No Variations]"
Change component parameters (AddParameter): Name = "MP"; Value = "CC0603KRX7R9BB103"; VariantName = "[No Variations]"
Change component parameters (AddParameter): Name = "Package"; Value = "0603 Yageo"; VariantName = "[No Variations]"
Change component parameters (AddParameter): Name = "SnapEDA_Link"; Value = "https://www.snapeda.com/parts/CC0603KRX7R9BB103/Yageo/view-part/?ref=snap"; VariantName = "[No Variations]"
Change component parameters (AddParameter): Name = "Supplier 1"; Value = "Digi-Key"; VariantName = "[No Variations]"
Change component parameters (AddParameter): Name = "Supplier Part Number 1"; Value = "311-1085-1-ND"; VariantName = "[No Variations]"
Change component parameters (AddParameter): Name = "Value"; Value = ""; VariantName = "[No Variations]"
Change component parameters: Designator = "C?"; Footprint = "*CAPC1608X90"; UniqueID = "\VJBZNILV"
Change component parameters. Clean all parameters for all variants
Change component parameters (AddParameter): Name = "Digi-Key_Part_Number"; Value = "311-1085-1-ND"; VariantName = "[No Variations]"
Change component parameters (AddParameter): Name = "Digi-Key_Purchase_URL"; Value = "https://www.digikey.com/product-detail/en/yageo/CC0603KRX7R9BB103/311-1085-1-ND/302995?utm_source=snapeda&utm_medium=aggregator&utm_campaign=symbol"; VariantName = "[No Variations]"
Change component parameters (AddParameter): Name = "MF"; Value = "Yageo"; VariantName = "[No Variations]"
Change component parameters (AddParameter): Name = "MP"; Value = "CC0603KRX7R9BB103"; VariantName = "[No Variations]"
Change component parameters (AddParameter): Name = "Package"; Value = "0603 Yageo"; VariantName = "[No Variations]"
Change component parameters (AddParameter): Name = "SnapEDA_Link"; Value = "https://www.snapeda.com/parts/CC0603KRX7R9BB103/Yageo/view-part/?ref=snap"; VariantName = "[No Variations]"
Change component parameters (AddParameter): Name = "Supplier 1"; Value = "Digi-Key"; VariantName = "[No Variations]"
Change component parameters (AddParameter): Name = "Supplier Part Number 1"; Value = "311-1085-1-ND"; VariantName = "[No Variations]"
Change component parameters (AddParameter): Name = "Value"; Value = ""; VariantName = "[No Variations]"
Change component parameters: Designator = "C?"; Footprint = "*CAPC1608X90"; UniqueID = "\WKBNLLFB"
Change component parameters. Clean all parameters for all variants
Change component parameters (AddParameter): Name = "Digi-Key_Part_Number"; Value = "311-1085-1-ND"; VariantName = "[No Variations]"
Change component parameters (AddParameter): Name = "Digi-Key_Purchase_URL"; Value = "https://www.digikey.com/product-detail/en/yageo/CC0603KRX7R9BB103/311-1085-1-ND/302995?utm_source=snapeda&utm_medium=aggregator&utm_campaign=symbol"; VariantName = "[No Variations]"
Change component parameters (AddParameter): Name = "MF"; Value = "Yageo"; VariantName = "[No Variations]"
Change component parameters (AddParameter): Name = "MP"; Value = "CC0603KRX7R9BB103"; VariantName = "[No Variations]"
Change component parameters (AddParameter): Name = "Package"; Value = "0603 Yageo"; VariantName = "[No Variations]"
Change component parameters (AddParameter): Name = "SnapEDA_Link"; Value = "https://www.snapeda.com/parts/CC0603KRX7R9BB103/Yageo/view-part/?ref=snap"; VariantName = "[No Variations]"
Change component parameters (AddParameter): Name = "Supplier 1"; Value = "Digi-Key"; VariantName = "[No Variations]"
Change component parameters (AddParameter): Name = "Supplier Part Number 1"; Value = "311-1085-1-ND"; VariantName = "[No Variations]"
Change component parameters (AddParameter): Name = "Value"; Value = ""; VariantName = "[No Variations]"
Added Component: Designator=A5(VFQFPN-24)
Add component. Clean all parameters for all variants
Add component (AddParameter): Name = "DeviceName"; Value = ""; VariantName = "[No Variations]"
Add component (AddParameter): Name = "DeviceSetName"; Value = "IDT-F1958"; VariantName = "[No Variations]"
Add component (AddParameter): Name = "GateName_1"; Value = "G$1"; VariantName = "[No Variations]"
Add component (AddParameter): Name = "LibraryName"; Value = "wcsn_parts"; VariantName = "[No Variations]"
Add component (AddParameter): Name = "Package"; Value = "VFQFPN-24"; VariantName = "[No Variations]"
Add component (AddParameter): Name = "SymbolName_1"; Value = "F1958"; VariantName = "[No Variations]"
Added Component: Designator=A6(VFQFPN-24)
Add component. Clean all parameters for all variants
Add component (AddParameter): Name = "DeviceName"; Value = ""; VariantName = "[No Variations]"
Add component (AddParameter): Name = "DeviceSetName"; Value = "IDT-F1958"; VariantName = "[No Variations]"
Add component (AddParameter): Name = "GateName_1"; Value = "G$1"; VariantName = "[No Variations]"
Add component (AddParameter): Name = "LibraryName"; Value = "wcsn_parts"; VariantName = "[No Variations]"
Add component (AddParameter): Name = "Package"; Value = "VFQFPN-24"; VariantName = "[No Variations]"
Add component (AddParameter): Name = "SymbolName_1"; Value = "F1958"; VariantName = "[No Variations]"
Added Component: Designator=A7(VFQFPN-24)
Add component. Clean all parameters for all variants
Add component (AddParameter): Name = "DeviceName"; Value = ""; VariantName = "[No Variations]"
Add component (AddParameter): Name = "DeviceSetName"; Value = "IDT-F1958"; VariantName = "[No Variations]"
Add component (AddParameter): Name = "GateName_1"; Value = "G$1"; VariantName = "[No Variations]"
Add component (AddParameter): Name = "LibraryName"; Value = "wcsn_parts"; VariantName = "[No Variations]"
Add component (AddParameter): Name = "Package"; Value = "VFQFPN-24"; VariantName = "[No Variations]"
Add component (AddParameter): Name = "SymbolName_1"; Value = "F1958"; VariantName = "[No Variations]"
Added Component: Designator=A8(VFQFPN-24)
Add component. Clean all parameters for all variants
Add component (AddParameter): Name = "DeviceName"; Value = ""; VariantName = "[No Variations]"
Add component (AddParameter): Name = "DeviceSetName"; Value = "IDT-F1958"; VariantName = "[No Variations]"
Add component (AddParameter): Name = "GateName_1"; Value = "G$1"; VariantName = "[No Variations]"
Add component (AddParameter): Name = "LibraryName"; Value = "wcsn_parts"; VariantName = "[No Variations]"
Add component (AddParameter): Name = "Package"; Value = "VFQFPN-24"; VariantName = "[No Variations]"
Add component (AddParameter): Name = "SymbolName_1"; Value = "F1958"; VariantName = "[No Variations]"
Added Component: Designator=C1(*SUSUMU_PS3216GT2-R50-T5_PS3216GT2-R50-T5(Primary))
Add component. Clean all parameters for all variants
Add component (AddParameter): Name = "Availability"; Value = "Unavailable"; VariantName = "[No Variations]"
Add component (AddParameter): Name = "MF"; Value = "Susumu"; VariantName = "[No Variations]"
Add component (AddParameter): Name = "MP"; Value = "PS3216GT2-R50-T5"; VariantName = "[No Variations]"
Add component (AddParameter): Name = "Package"; Value = "1206 Susumu"; VariantName = "[No Variations]"
Add component (AddParameter): Name = "Price"; Value = "None"; VariantName = "[No Variations]"
Add component (AddParameter): Name = "SnapEDA_Link"; Value = "https://www.snapeda.com/parts/PS3216GT2-R50-T5/Susumu/view-part/?ref=snap"; VariantName = "[No Variations]"
Add component (AddParameter): Name = "Value"; Value = ""; VariantName = "[No Variations]"
Added Component: Designator=C2(*SUSUMU_PS3216GT2-R50-T5_PS3216GT2-R50-T5(Primary))
Add component. Clean all parameters for all variants
Add component (AddParameter): Name = "Availability"; Value = "Unavailable"; VariantName = "[No Variations]"
Add component (AddParameter): Name = "MF"; Value = "Susumu"; VariantName = "[No Variations]"
Add component (AddParameter): Name = "MP"; Value = "PS3216GT2-R50-T5"; VariantName = "[No Variations]"
Add component (AddParameter): Name = "Package"; Value = "1206 Susumu"; VariantName = "[No Variations]"
Add component (AddParameter): Name = "Price"; Value = "None"; VariantName = "[No Variations]"
Add component (AddParameter): Name = "SnapEDA_Link"; Value = "https://www.snapeda.com/parts/PS3216GT2-R50-T5/Susumu/view-part/?ref=snap"; VariantName = "[No Variations]"
Add component (AddParameter): Name = "Value"; Value = ""; VariantName = "[No Variations]"
Added Component: Designator=C3(*SUSUMU_PS3216GT2-R50-T5_PS3216GT2-R50-T5(Primary))
Add component. Clean all parameters for all variants
Add component (AddParameter): Name = "Availability"; Value = "Unavailable"; VariantName = "[No Variations]"
Add component (AddParameter): Name = "MF"; Value = "Susumu"; VariantName = "[No Variations]"
Add component (AddParameter): Name = "MP"; Value = "PS3216GT2-R50-T5"; VariantName = "[No Variations]"
Add component (AddParameter): Name = "Package"; Value = "1206 Susumu"; VariantName = "[No Variations]"
Add component (AddParameter): Name = "Price"; Value = "None"; VariantName = "[No Variations]"
Add component (AddParameter): Name = "SnapEDA_Link"; Value = "https://www.snapeda.com/parts/PS3216GT2-R50-T5/Susumu/view-part/?ref=snap"; VariantName = "[No Variations]"
Add component (AddParameter): Name = "Value"; Value = ""; VariantName = "[No Variations]"
Added Component: Designator=C4(*SUSUMU_PS3216GT2-R50-T5_PS3216GT2-R50-T5(Primary))
Add component. Clean all parameters for all variants
Add component (AddParameter): Name = "Availability"; Value = "Unavailable"; VariantName = "[No Variations]"
Add component (AddParameter): Name = "MF"; Value = "Susumu"; VariantName = "[No Variations]"
Add component (AddParameter): Name = "MP"; Value = "PS3216GT2-R50-T5"; VariantName = "[No Variations]"
Add component (AddParameter): Name = "Package"; Value = "1206 Susumu"; VariantName = "[No Variations]"
Add component (AddParameter): Name = "Price"; Value = "None"; VariantName = "[No Variations]"
Add component (AddParameter): Name = "SnapEDA_Link"; Value = "https://www.snapeda.com/parts/PS3216GT2-R50-T5/Susumu/view-part/?ref=snap"; VariantName = "[No Variations]"
Add component (AddParameter): Name = "Value"; Value = ""; VariantName = "[No Variations]"
Added Component: Designator=C5(*SUSUMU_PS3216GT2-R50-T5_PS3216GT2-R50-T5(Primary))
Add component. Clean all parameters for all variants
Add component (AddParameter): Name = "Availability"; Value = "Unavailable"; VariantName = "[No Variations]"
Add component (AddParameter): Name = "MF"; Value = "Susumu"; VariantName = "[No Variations]"
Add component (AddParameter): Name = "MP"; Value = "PS3216GT2-R50-T5"; VariantName = "[No Variations]"
Add component (AddParameter): Name = "Package"; Value = "1206 Susumu"; VariantName = "[No Variations]"
Add component (AddParameter): Name = "Price"; Value = "None"; VariantName = "[No Variations]"
Add component (AddParameter): Name = "SnapEDA_Link"; Value = "https://www.snapeda.com/parts/PS3216GT2-R50-T5/Susumu/view-part/?ref=snap"; VariantName = "[No Variations]"
Add component (AddParameter): Name = "Value"; Value = ""; VariantName = "[No Variations]"
Added Component: Designator=C6(*SUSUMU_PS3216GT2-R50-T5_PS3216GT2-R50-T5(Primary))
Add component. Clean all parameters for all variants
Add component (AddParameter): Name = "Availability"; Value = "Unavailable"; VariantName = "[No Variations]"
Add component (AddParameter): Name = "MF"; Value = "Susumu"; VariantName = "[No Variations]"
Add component (AddParameter): Name = "MP"; Value = "PS3216GT2-R50-T5"; VariantName = "[No Variations]"
Add component (AddParameter): Name = "Package"; Value = "1206 Susumu"; VariantName = "[No Variations]"
Add component (AddParameter): Name = "Price"; Value = "None"; VariantName = "[No Variations]"
Add component (AddParameter): Name = "SnapEDA_Link"; Value = "https://www.snapeda.com/parts/PS3216GT2-R50-T5/Susumu/view-part/?ref=snap"; VariantName = "[No Variations]"
Add component (AddParameter): Name = "Value"; Value = ""; VariantName = "[No Variations]"
Added Component: Designator=S3(*SUSUMU_PS3216GT2-R50-T5_PS3216GT2-R50-T5(Primary))
Add component. Clean all parameters for all variants
Add component (AddParameter): Name = "Availability"; Value = "Unavailable"; VariantName = "[No Variations]"
Add component (AddParameter): Name = "MF"; Value = "Susumu"; VariantName = "[No Variations]"
Add component (AddParameter): Name = "MP"; Value = "PS3216GT2-R50-T5"; VariantName = "[No Variations]"
Add component (AddParameter): Name = "Package"; Value = "1206 Susumu"; VariantName = "[No Variations]"
Add component (AddParameter): Name = "Price"; Value = "None"; VariantName = "[No Variations]"
Add component (AddParameter): Name = "SnapEDA_Link"; Value = "https://www.snapeda.com/parts/PS3216GT2-R50-T5/Susumu/view-part/?ref=snap"; VariantName = "[No Variations]"
Add component (AddParameter): Name = "Value"; Value = ""; VariantName = "[No Variations]"
Added Component: Designator=S4(*SUSUMU_PS3216GT2-R50-T5_PS3216GT2-R50-T5(Primary))
Add component. Clean all parameters for all variants
Add component (AddParameter): Name = "Availability"; Value = "Unavailable"; VariantName = "[No Variations]"
Add component (AddParameter): Name = "MF"; Value = "Susumu"; VariantName = "[No Variations]"
Add component (AddParameter): Name = "MP"; Value = "PS3216GT2-R50-T5"; VariantName = "[No Variations]"
Add component (AddParameter): Name = "Package"; Value = "1206 Susumu"; VariantName = "[No Variations]"
Add component (AddParameter): Name = "Price"; Value = "None"; VariantName = "[No Variations]"
Add component (AddParameter): Name = "SnapEDA_Link"; Value = "https://www.snapeda.com/parts/PS3216GT2-R50-T5/Susumu/view-part/?ref=snap"; VariantName = "[No Variations]"
Add component (AddParameter): Name = "Value"; Value = ""; VariantName = "[No Variations]"
Added Component: Designator=S5(*SUSUMU_PS3216GT2-R50-T5_PS3216GT2-R50-T5(Primary))
Add component. Clean all parameters for all variants
Add component (AddParameter): Name = "Availability"; Value = "Unavailable"; VariantName = "[No Variations]"
Add component (AddParameter): Name = "MF"; Value = "Susumu"; VariantName = "[No Variations]"
Add component (AddParameter): Name = "MP"; Value = "PS3216GT2-R50-T5"; VariantName = "[No Variations]"
Add component (AddParameter): Name = "Package"; Value = "1206 Susumu"; VariantName = "[No Variations]"
Add component (AddParameter): Name = "Price"; Value = "None"; VariantName = "[No Variations]"
Add component (AddParameter): Name = "SnapEDA_Link"; Value = "https://www.snapeda.com/parts/PS3216GT2-R50-T5/Susumu/view-part/?ref=snap"; VariantName = "[No Variations]"
Add component (AddParameter): Name = "Value"; Value = ""; VariantName = "[No Variations]"
Added Component: Designator=S6(*SUSUMU_PS3216GT2-R50-T5_PS3216GT2-R50-T5(Primary))
Add component. Clean all parameters for all variants
Add component (AddParameter): Name = "Availability"; Value = "Unavailable"; VariantName = "[No Variations]"
Add component (AddParameter): Name = "MF"; Value = "Susumu"; VariantName = "[No Variations]"
Add component (AddParameter): Name = "MP"; Value = "PS3216GT2-R50-T5"; VariantName = "[No Variations]"
Add component (AddParameter): Name = "Package"; Value = "1206 Susumu"; VariantName = "[No Variations]"
Add component (AddParameter): Name = "Price"; Value = "None"; VariantName = "[No Variations]"
Add component (AddParameter): Name = "SnapEDA_Link"; Value = "https://www.snapeda.com/parts/PS3216GT2-R50-T5/Susumu/view-part/?ref=snap"; VariantName = "[No Variations]"
Add component (AddParameter): Name = "Value"; Value = ""; VariantName = "[No Variations]"
Added Component: Designator=S7(*SUSUMU_PS3216GT2-R50-T5_PS3216GT2-R50-T5(Primary))
Add component. Clean all parameters for all variants
Add component (AddParameter): Name = "Availability"; Value = "Unavailable"; VariantName = "[No Variations]"
Add component (AddParameter): Name = "MF"; Value = "Susumu"; VariantName = "[No Variations]"
Add component (AddParameter): Name = "MP"; Value = "PS3216GT2-R50-T5"; VariantName = "[No Variations]"
Add component (AddParameter): Name = "Package"; Value = "1206 Susumu"; VariantName = "[No Variations]"
Add component (AddParameter): Name = "Price"; Value = "None"; VariantName = "[No Variations]"
Add component (AddParameter): Name = "SnapEDA_Link"; Value = "https://www.snapeda.com/parts/PS3216GT2-R50-T5/Susumu/view-part/?ref=snap"; VariantName = "[No Variations]"
Add component (AddParameter): Name = "Value"; Value = ""; VariantName = "[No Variations]"
Added Pin To Net: NetName=GND Pin=?-2
Added Pin To Net: NetName=GND Pin=?-3
Added Pin To Net: NetName=GND Pin=?-6
Added Pin To Net: NetName=GND Pin=?-7
Added Pin To Net: NetName=D0 Pin=A5-1
Added Pin To Net: NetName=GND Pin=A5-4
Added Pin To Net: NetName=GND Pin=A5-6
Added Pin To Net: NetName=GND Pin=A5-7
Added Pin To Net: NetName=GND Pin=A5-8
Added Pin To Net: NetName=GND Pin=A5-9
Added Pin To Net: NetName=GND Pin=A5-10
Added Pin To Net: NetName=GND Pin=A5-11
Added Pin To Net: NetName=GND Pin=A5-12
Added Pin To Net: NetName=GND Pin=A5-13
Added Pin To Net: NetName=GND Pin=A5-15
Added Pin To Net: NetName=D6 Pin=A5-19
Added Pin To Net: NetName=D5 Pin=A5-20
Added Pin To Net: NetName=D4 Pin=A5-21
Added Pin To Net: NetName=D3 Pin=A5-22
Added Pin To Net: NetName=D2 Pin=A5-23
Added Pin To Net: NetName=D1 Pin=A5-24
Added Pin To Net: NetName=D0 Pin=A6-1
Added Pin To Net: NetName=GND Pin=A6-4
Added Pin To Net: NetName=GND Pin=A6-6
Added Pin To Net: NetName=GND Pin=A6-7
Added Pin To Net: NetName=GND Pin=A6-8
Added Pin To Net: NetName=GND Pin=A6-9
Added Pin To Net: NetName=GND Pin=A6-10
Added Pin To Net: NetName=GND Pin=A6-11
Added Pin To Net: NetName=GND Pin=A6-12
Added Pin To Net: NetName=GND Pin=A6-13
Added Pin To Net: NetName=GND Pin=A6-15
Added Pin To Net: NetName=D6 Pin=A6-19
Added Pin To Net: NetName=D5 Pin=A6-20
Added Pin To Net: NetName=D4 Pin=A6-21
Added Pin To Net: NetName=D3 Pin=A6-22
Added Pin To Net: NetName=D2 Pin=A6-23
Added Pin To Net: NetName=D1 Pin=A6-24
Added Pin To Net: NetName=D0 Pin=A7-1
Added Pin To Net: NetName=GND Pin=A7-4
Added Pin To Net: NetName=GND Pin=A7-6
Added Pin To Net: NetName=GND Pin=A7-7
Added Pin To Net: NetName=GND Pin=A7-8
Added Pin To Net: NetName=GND Pin=A7-9
Added Pin To Net: NetName=GND Pin=A7-10
Added Pin To Net: NetName=GND Pin=A7-11
Added Pin To Net: NetName=GND Pin=A7-12
Added Pin To Net: NetName=GND Pin=A7-13
Added Pin To Net: NetName=GND Pin=A7-15
Added Pin To Net: NetName=D6 Pin=A7-19
Added Pin To Net: NetName=D5 Pin=A7-20
Added Pin To Net: NetName=D4 Pin=A7-21
Added Pin To Net: NetName=D3 Pin=A7-22
Added Pin To Net: NetName=D2 Pin=A7-23
Added Pin To Net: NetName=D1 Pin=A7-24
Added Pin To Net: NetName=D0 Pin=A8-1
Added Pin To Net: NetName=GND Pin=A8-4
Added Pin To Net: NetName=GND Pin=A8-6
Added Pin To Net: NetName=GND Pin=A8-7
Added Pin To Net: NetName=GND Pin=A8-8
Added Pin To Net: NetName=GND Pin=A8-9
Added Pin To Net: NetName=GND Pin=A8-10
Added Pin To Net: NetName=GND Pin=A8-11
Added Pin To Net: NetName=GND Pin=A8-12
Added Pin To Net: NetName=GND Pin=A8-13
Added Pin To Net: NetName=GND Pin=A8-15
Added Pin To Net: NetName=D6 Pin=A8-19
Added Pin To Net: NetName=D5 Pin=A8-20
Added Pin To Net: NetName=D4 Pin=A8-21
Added Pin To Net: NetName=D3 Pin=A8-22
Added Pin To Net: NetName=D2 Pin=A8-23
Added Pin To Net: NetName=D1 Pin=A8-24
Added Pin To Net: NetName=GND Pin=C1-G
Added Pin To Net: NetName=GND Pin=C2-G
Added Pin To Net: NetName=GND Pin=C3-G
Added Pin To Net: NetName=GND Pin=C4-G
Added Pin To Net: NetName=GND Pin=C5-G
Added Pin To Net: NetName=GND Pin=C6-G
Added Pin To Net: NetName=GND Pin=C?-2
Added Pin To Net: NetName=GND Pin=C?-2
Added Pin To Net: NetName=GND Pin=C?-2
Added Pin To Net: NetName=GND Pin=C?-2
Added Pin To Net: NetName=GND Pin=J?-GND
Added Pin To Net: NetName=GND Pin=J?-GND
Added Pin To Net: NetName=GND Pin=J?-GND
Added Pin To Net: NetName=GND Pin=J?-GND
Added Pin To Net: NetName=GND Pin=J?-GND
Added Pin To Net: NetName=GND Pin=J?-GND
Added Pin To Net: NetName=GND Pin=J?-GND
Added Pin To Net: NetName=GND Pin=J?-GND
Added Pin To Net: NetName=VDD Pin=R?-1
Added Pin To Net: NetName=VDD Pin=R?-1
Added Pin To Net: NetName=VDD Pin=R?-1
Added Pin To Net: NetName=VDD Pin=R?-1
Added Pin To Net: NetName=GND Pin=S1-2
Added Pin To Net: NetName=GND Pin=S1-3
Added Pin To Net: NetName=GND Pin=S1-6
Added Pin To Net: NetName=GND Pin=S1-7
Added Pin To Net: NetName=GND Pin=S2-G
Added Pin To Net: NetName=GND Pin=S3-G
Added Pin To Net: NetName=GND Pin=S4-G
Added Pin To Net: NetName=GND Pin=S5-G
Added Pin To Net: NetName=GND Pin=S6-G
Added Pin To Net: NetName=GND Pin=S7-G
Change Net Name : Old Net Name=NetA?_2 New Net Name=NetA2_2
Added Pin To Net: NetName=C1-0-1 Pin=A1-14
Added Pin To Net: NetName=C1-0-1 Pin=C1-2
Added Net: Name=C1-0-1
Added Pin To Net: NetName=C1-0-2 Pin=A2-14
Added Net: Name=C1-0-2
Added Pin To Net: NetName=C2-0-1 Pin=A3-14
Added Pin To Net: NetName=C2-0-1 Pin=C2-2
Added Net: Name=C2-0-1
Added Pin To Net: NetName=C2-0-2 Pin=A4-14
Added Pin To Net: NetName=C2-0-2 Pin=C1-3
Added Pin To Net: NetName=C2-0-2 Pin=C2-3
Added Net: Name=C2-0-2
Added Pin To Net: NetName=C3-90-1 Pin=A5-14
Added Pin To Net: NetName=C3-90-1 Pin=C3-2
Added Net: Name=C3-90-1
Added Pin To Net: NetName=C3-90-2 Pin=A6-14
Added Pin To Net: NetName=C3-90-2 Pin=C3-3
Added Net: Name=C3-90-2
Added Pin To Net: NetName=C4-90-1 Pin=A7-14
Added Pin To Net: NetName=C4-90-1 Pin=C4-2
Added Net: Name=C4-90-1
Added Pin To Net: NetName=C4-90-2 Pin=A8-14
Added Pin To Net: NetName=C4-90-2 Pin=C4-3
Added Net: Name=C4-90-2
Added Pin To Net: NetName=C5-0-1 Pin=C1-1
Added Pin To Net: NetName=C5-0-1 Pin=C5-2
Added Net: Name=C5-0-1
Added Pin To Net: NetName=C5-0-2 Pin=C2-1
Added Pin To Net: NetName=C5-0-2 Pin=C5-3
Added Net: Name=C5-0-2
Added Pin To Net: NetName=C6-90-1 Pin=C3-1
Added Pin To Net: NetName=C6-90-1 Pin=C6-2
Added Net: Name=C6-90-1
Added Pin To Net: NetName=C6-90-2 Pin=C4-1
Added Pin To Net: NetName=C6-90-2 Pin=C6-3
Added Net: Name=C6-90-2
Added Pin To Net: NetName=C7-0 Pin=?-1
Added Pin To Net: NetName=C7-0 Pin=C5-1
Added Net: Name=C7-0
Added Pin To Net: NetName=C7-90 Pin=?-4
Added Pin To Net: NetName=C7-90 Pin=C6-1
Added Net: Name=C7-90
Added Pin To Net: NetName=LE2 Pin=A2-16
Added Net: Name=LE2
Added Pin To Net: NetName=LE3 Pin=A3-16
Added Net: Name=LE3
Added Pin To Net: NetName=LE4 Pin=A4-16
Added Net: Name=LE4
Added Pin To Net: NetName=LE5 Pin=A5-16
Added Net: Name=LE5
Added Pin To Net: NetName=LE6 Pin=A6-16
Added Net: Name=LE6
Added Pin To Net: NetName=LE7 Pin=A7-16
Added Net: Name=LE7
Added Pin To Net: NetName=LE8 Pin=A8-16
Added Net: Name=LE8
Added Pin To Net: NetName=NetA3_2 Pin=A3-2
Added Pin To Net: NetName=NetA3_2 Pin=C?-1
Added Pin To Net: NetName=NetA3_2 Pin=R?-2
Added Net: Name=NetA3_2
Added Pin To Net: NetName=NetA4_2 Pin=A4-2
Added Pin To Net: NetName=NetA4_2 Pin=C?-1
Added Pin To Net: NetName=NetA4_2 Pin=R?-2
Added Net: Name=NetA4_2
Added Pin To Net: NetName=NetA5_2 Pin=A5-2
Added Pin To Net: NetName=NetA5_2 Pin=C?-1
Added Pin To Net: NetName=NetA5_2 Pin=R?-2
Added Net: Name=NetA5_2
Added Pin To Net: NetName=NetA6_2 Pin=A6-2
Added Pin To Net: NetName=NetA6_2 Pin=C?-1
Added Pin To Net: NetName=NetA6_2 Pin=R?-2
Added Net: Name=NetA6_2
Added Pin To Net: NetName=NetA7_2 Pin=A7-2
Added Pin To Net: NetName=NetA7_2 Pin=C?-1
Added Pin To Net: NetName=NetA7_2 Pin=R?-2
Added Net: Name=NetA7_2
Added Pin To Net: NetName=NetA8_2 Pin=A8-2
Added Pin To Net: NetName=NetA8_2 Pin=C?-1
Added Pin To Net: NetName=NetA8_2 Pin=R?-2
Added Net: Name=NetA8_2
Added Pin To Net: NetName=RF-IN Pin=J?-SIG
Added Pin To Net: NetName=RF-IN Pin=S1-8
Added Net: Name=RF-IN
Added Pin To Net: NetName=RF-OUT Pin=?-8
Added Pin To Net: NetName=RF-OUT Pin=J?-SIG
Added Net: Name=RF-OUT
Added Pin To Net: NetName=S1-0 Pin=S1-1
Added Pin To Net: NetName=S1-0 Pin=S2-1
Added Net: Name=S1-0
Added Pin To Net: NetName=S1-90 Pin=S1-4
Added Pin To Net: NetName=S1-90 Pin=S3-1
Added Net: Name=S1-90
Added Pin To Net: NetName=S2-0-1 Pin=S2-2
Added Pin To Net: NetName=S2-0-1 Pin=S4-1
Added Net: Name=S2-0-1
Added Pin To Net: NetName=S2-0-2 Pin=S2-3
Added Pin To Net: NetName=S2-0-2 Pin=S5-1
Added Net: Name=S2-0-2
Added Pin To Net: NetName=S3-90-1 Pin=S3-2
Added Pin To Net: NetName=S3-90-1 Pin=S6-1
Added Net: Name=S3-90-1
Added Pin To Net: NetName=S3-90-2 Pin=S3-3
Added Pin To Net: NetName=S3-90-2 Pin=S7-1
Added Net: Name=S3-90-2
Added Pin To Net: NetName=S4-0-1 Pin=A1-5
Added Pin To Net: NetName=S4-0-1 Pin=S4-2
Added Net: Name=S4-0-1
Added Pin To Net: NetName=S4-0-2 Pin=A2-5
Added Pin To Net: NetName=S4-0-2 Pin=S4-3
Added Net: Name=S4-0-2
Added Pin To Net: NetName=S5-0-1 Pin=A3-5
Added Pin To Net: NetName=S5-0-1 Pin=S5-2
Added Net: Name=S5-0-1
Added Pin To Net: NetName=S5-0-2 Pin=A4-5
Added Pin To Net: NetName=S5-0-2 Pin=S5-3
Added Net: Name=S5-0-2
Added Pin To Net: NetName=S6-90-1 Pin=A5-5
Added Pin To Net: NetName=S6-90-1 Pin=S6-2
Added Net: Name=S6-90-1
Added Pin To Net: NetName=S6-90-2 Pin=A6-5
Added Pin To Net: NetName=S6-90-2 Pin=S6-3
Added Net: Name=S6-90-2
Added Pin To Net: NetName=S7-90-1 Pin=A7-5
Added Pin To Net: NetName=S7-90-1 Pin=S7-2
Added Net: Name=S7-90-1
Added Pin To Net: NetName=S7-90-2 Pin=A8-5
Added Pin To Net: NetName=S7-90-2 Pin=S7-3
Added Net: Name=S7-90-2
Added Member To Class: ClassName=v1_1_1 Member=Component ? JH-121-PIN
Added Member To Class: ClassName=v1_1_1 Member=Component A3 IDT-F1958
Added Member To Class: ClassName=v1_1_1 Member=Component A4 IDT-F1958
Added Member To Class: ClassName=v1_1_1 Member=Component A5 IDT-F1958
Added Member To Class: ClassName=v1_1_1 Member=Component A6 IDT-F1958
Added Member To Class: ClassName=v1_1_1 Member=Component A7 IDT-F1958
Added Member To Class: ClassName=v1_1_1 Member=Component A8 IDT-F1958
Added Member To Class: ClassName=v1_1_1 Member=Component C1 PS3216GT2-R50-T5
Added Member To Class: ClassName=v1_1_1 Member=Component C2 PS3216GT2-R50-T5
Added Member To Class: ClassName=v1_1_1 Member=Component C3 PS3216GT2-R50-T5
Added Member To Class: ClassName=v1_1_1 Member=Component C4 PS3216GT2-R50-T5
Added Member To Class: ClassName=v1_1_1 Member=Component C5 PS3216GT2-R50-T5
Added Member To Class: ClassName=v1_1_1 Member=Component C6 PS3216GT2-R50-T5
Added Member To Class: ClassName=v1_1_1 Member=Component C? 100pF
Added Member To Class: ClassName=v1_1_1 Member=Component C? 100pF
Added Member To Class: ClassName=v1_1_1 Member=Component C? 100pF
Added Member To Class: ClassName=v1_1_1 Member=Component C? 100pF
Added Member To Class: ClassName=v1_1_1 Member=Component C? 100pF
Added Member To Class: ClassName=v1_1_1 Member=Component C? 10nF
Added Member To Class: ClassName=v1_1_1 Member=Component C? 10nF
Added Member To Class: ClassName=v1_1_1 Member=Component C? 10nF
Added Member To Class: ClassName=v1_1_1 Member=Component C? 100pF
Added Member To Class: ClassName=v1_1_1 Member=Component C? 10nF
Added Member To Class: ClassName=v1_1_1 Member=Component C? 10nF
Added Member To Class: ClassName=v1_1_1 Member=Component C? 10nF
Added Member To Class: ClassName=v1_1_1 Member=Component C? 10nF
Added Member To Class: ClassName=v1_1_1 Member=Component C? 10nF
Added Member To Class: ClassName=v1_1_1 Member=Component J? SMA 50 Ohm edge
Added Member To Class: ClassName=v1_1_1 Member=Component J? SMA 50 Ohm edge
Added Member To Class: ClassName=v1_1_1 Member=Component J? SMA 50 Ohm edge
Added Member To Class: ClassName=v1_1_1 Member=Component R? 100
Added Member To Class: ClassName=v1_1_1 Member=Component R? 100
Added Member To Class: ClassName=v1_1_1 Member=Component R? 0
Added Member To Class: ClassName=v1_1_1 Member=Component R? 100
Added Member To Class: ClassName=v1_1_1 Member=Component R? 0
Added Member To Class: ClassName=v1_1_1 Member=Component R? 0
Added Member To Class: ClassName=v1_1_1 Member=Component R? 100
Added Member To Class: ClassName=v1_1_1 Member=Component R? 100
Added Member To Class: ClassName=v1_1_1 Member=Component R? 0
Added Member To Class: ClassName=v1_1_1 Member=Component R? 100
Added Member To Class: ClassName=v1_1_1 Member=Component R? 0
Added Member To Class: ClassName=v1_1_1 Member=Component R? 0
Added Member To Class: ClassName=v1_1_1 Member=Component R? 0
Added Member To Class: ClassName=v1_1_1 Member=Component R? 0
Added Member To Class: ClassName=v1_1_1 Member=Component S3 PS3216GT2-R50-T5
Added Member To Class: ClassName=v1_1_1 Member=Component S4 PS3216GT2-R50-T5
Added Member To Class: ClassName=v1_1_1 Member=Component S5 PS3216GT2-R50-T5
Added Member To Class: ClassName=v1_1_1 Member=Component S6 PS3216GT2-R50-T5
Added Member To Class: ClassName=v1_1_1 Member=Component S7 PS3216GT2-R50-T5
