Removed Pin From Net: NetName=LE2 Pin=U1-4
Removed Pin From Net: NetName=LE3 Pin=U1-5
Removed Pin From Net: NetName=LE4 Pin=U1-6
Removed Pin From Net: NetName=LE5 Pin=U1-7
Removed Pin From Net: NetName=LE6 Pin=U1-8
Removed Pin From Net: NetName=LE7 Pin=U1-9
Removed Pin From Net: NetName=LE8 Pin=U1-10
Removed Pin From Net: NetName=D0 Pin=U1-11
Removed Pin From Net: NetName=D1 Pin=U1-12
Removed Pin From Net: NetName=D2 Pin=U1-13
Removed Pin From Net: NetName=D3 Pin=U1-14
Removed Pin From Net: NetName=D4 Pin=U1-15
Removed Pin From Net: NetName=D5 Pin=U1-16
Removed Pin From Net: NetName=D6 Pin=U1-17
Added Pin To Net: NetName=D0 Pin=U1-4
Added Pin To Net: NetName=LE2 Pin=U1-5
Added Pin To Net: NetName=D1 Pin=U1-6
Added Pin To Net: NetName=LE3 Pin=U1-7
Added Pin To Net: NetName=D2 Pin=U1-8
Added Pin To Net: NetName=LE4 Pin=U1-9
Added Pin To Net: NetName=D3 Pin=U1-10
Added Pin To Net: NetName=LE5 Pin=U1-11
Added Pin To Net: NetName=D4 Pin=U1-12
Added Pin To Net: NetName=LE6 Pin=U1-13
Added Pin To Net: NetName=D5 Pin=U1-14
Added Pin To Net: NetName=LE7 Pin=U1-15
Added Pin To Net: NetName=D6 Pin=U1-16
Added Pin To Net: NetName=LE8 Pin=U1-17
Added Room: Name=v1_1_1
