Removed Pin From Net: NetName=GND Pin=C2_U_VectorModulator1-1
Removed Pin From Net: NetName=GND Pin=C2_U_VectorModulator2-1
Removed Pin From Net: NetName=GND Pin=C3_U_VectorModulator1-1
Removed Pin From Net: NetName=GND Pin=C3_U_VectorModulator2-1
Removed Pin From Net: NetName=GND Pin=C4_U_VectorModulator1-1
Removed Pin From Net: NetName=GND Pin=C4_U_VectorModulator2-1
Removed Pin From Net: NetName=GND Pin=C5_U_VectorModulator1-1
Removed Pin From Net: NetName=GND Pin=C5_U_VectorModulator2-1
Removed Pin From Net: NetName=GND Pin=P1-6
Removed Pin From Net: NetName=GND Pin=U4_U_VectorModulator1-17
Removed Pin From Net: NetName=GND Pin=U4_U_VectorModulator2-17
Removed Pin From Net: NetName=GND Pin=U6_U_VectorModulator1-5
Removed Pin From Net: NetName=GND Pin=U6_U_VectorModulator2-5
Added Component: Designator=L2(0402-A)
Add component. Clean all parameters for all variants
Add component (AddParameter): Name = "Code_IEC"; Value = "1005"; VariantName = "[No Variations]"
Add component (AddParameter): Name = "Code_JEITA"; Value = "0402"; VariantName = "[No Variations]"
Add component (AddParameter): Name = "LatestRevisionDate"; Value = "29-May-2009"; VariantName = "[No Variations]"
Add component (AddParameter): Name = "LatestRevisionNote"; Value = "IPC-7351 Footprint Added."; VariantName = "[No Variations]"
Add component (AddParameter): Name = "PackageDescription"; Value = "Chip Inductor"; VariantName = "[No Variations]"
Add component (AddParameter): Name = "PackageReference"; Value = "0402-A"; VariantName = "[No Variations]"
Add component (AddParameter): Name = "Published"; Value = "8-Jun-2000"; VariantName = "[No Variations]"
Add component (AddParameter): Name = "Publisher"; Value = "Altium Limited"; VariantName = "[No Variations]"
Add component (AddParameter): Name = "Value"; Value = "33uH"; VariantName = "[No Variations]"
Added Pin To Net: NetName=GND Pin=L2-1
Added Pin To Net: NetName=AGND Pin=C2_U_VectorModulator1-1
Added Pin To Net: NetName=AGND Pin=C2_U_VectorModulator2-1
Added Pin To Net: NetName=AGND Pin=C3_U_VectorModulator1-1
Added Pin To Net: NetName=AGND Pin=C3_U_VectorModulator2-1
Added Pin To Net: NetName=AGND Pin=C4_U_VectorModulator1-1
Added Pin To Net: NetName=AGND Pin=C4_U_VectorModulator2-1
Added Pin To Net: NetName=AGND Pin=C5_U_VectorModulator1-1
Added Pin To Net: NetName=AGND Pin=C5_U_VectorModulator2-1
Added Pin To Net: NetName=AGND Pin=L2-2
Added Pin To Net: NetName=AGND Pin=P1-6
Added Pin To Net: NetName=AGND Pin=U4_U_VectorModulator1-17
Added Pin To Net: NetName=AGND Pin=U4_U_VectorModulator2-17
Added Pin To Net: NetName=AGND Pin=U6_U_VectorModulator1-5
Added Pin To Net: NetName=AGND Pin=U6_U_VectorModulator2-5
Added Net: Name=AGND
Added Member To Class: ClassName=AC_board Member=Component L2 Inductor
