Removed Pin From Net: NetName=AGND Pin=J7-GND
Removed Pin From Net: NetName=AGND Pin=J7-GND
Removed Pin From Net: NetName=AGND Pin=J7-GND
Removed Pin From Net: NetName=AGND Pin=J7-GND
Removed Pin From Net: NetName=NetJ7_SIG Pin=J7-SIG
Removed Pin From Net: NetName=AGND Pin=J8-GND
Removed Pin From Net: NetName=AGND Pin=J8-GND
Removed Pin From Net: NetName=AGND Pin=J8-GND
Removed Pin From Net: NetName=AGND Pin=J8-GND
Removed Pin From Net: NetName=NetJ8_SIG Pin=J8-SIG
Removed Pin From Net: NetName=AGND Pin=J9-GND
Removed Pin From Net: NetName=AGND Pin=J9-GND
Removed Pin From Net: NetName=AGND Pin=J9-GND
Removed Pin From Net: NetName=AGND Pin=J9-GND
Removed Pin From Net: NetName=NetJ9_SIG Pin=J9-SIG
Change Component DesignItemId : Designator=J1 Old DesignItemId=CONSMA001-SMD-G New DesignItemId=
Change Component DesignItemId : Designator=J4 Old DesignItemId=CONSMA001-SMD-G New DesignItemId=
Change Component DesignItemId : Designator=J7 Old DesignItemId=CONSMA001-SMD-G New DesignItemId=
Change Component DesignItemId : Designator=J8 Old DesignItemId=CONSMA001-SMD-G New DesignItemId=
Change Component DesignItemId : Designator=J9 Old DesignItemId=CONSMA001-SMD-G New DesignItemId=
Change Component Comment : Designator=J7 Old Comment=SMA 50 Ohm edge New Comment=CONSMA001-SMD-G
Change Component Comment : Designator=J8 Old Comment=SMA 50 Ohm edge New Comment=CONSMA001-SMD-G
Change Component Comment : Designator=J9 Old Comment=SMA 50 Ohm edge New Comment=CONSMA001-SMD-G
Change Component Library : Designator=J1 Old Library=wcsng_altium.IntLib New Library=CONSMA001-SMD-G.IntLib
Change Component Library : Designator=J4 Old Library=wcsng_altium.IntLib New Library=CONSMA001-SMD-G.IntLib
Change Component Library : Designator=J7 Old Library=wcsng_altium.IntLib New Library=CONSMA001-SMD-G.IntLib
Change Component Library : Designator=J8 Old Library=wcsng_altium.IntLib New Library=CONSMA001-SMD-G.IntLib
Change Component Library : Designator=J9 Old Library=wcsng_altium.IntLib New Library=CONSMA001-SMD-G.IntLib
Change component parameters: Designator = "J7" ("J7"); Footprint = "SMA-OSHPARK-4L-1.6MM- ALT3"; UniqueID = "\WTPZZDYK" ("\WTPZZDYK")
Change component parameters (AddParameter): Name = "Digi-Key_Part_Number"; Value = "CONSMA001-SMD-G-ND"; VariantName = "[No Variations]"
Change component parameters (AddParameter): Name = "Digi-Key_Purchase_URL"; Value = "https://www.digikey.com/product-detail/en/linx-technologies-inc/CONSMA001-SMD-G/CONSMA001-SMD-G-ND/4496569?utm_source=snapeda&utm_medium=aggregator&utm_campaign=symbol"; VariantName = "[No Variations]"
Change component parameters (AddParameter): Name = "MF"; Value = "Linx Technologies"; VariantName = "[No Variations]"
Change component parameters (AddParameter): Name = "MP"; Value = "CONSMA001-SMD-G"; VariantName = "[No Variations]"
Change component parameters (AddParameter): Name = "Package"; Value = "None"; VariantName = "[No Variations]"
Change component parameters (AddParameter): Name = "SnapEDA_Link"; Value = "https://www.snapeda.com/parts/CONSMA001-SMD-G/Linx%20Technologies%20Inc./view-part/?ref=snap"; VariantName = "[No Variations]"
Change component parameters (AddParameter): Name = "Supplier 1"; Value = "Digi-Key"; VariantName = "[No Variations]"
Change component parameters (AddParameter): Name = "Supplier Part Number 1"; Value = "CONSMA001-SMD-G-ND"; VariantName = "[No Variations]"
Change component parameters (AddParameter): Name = "Value"; Value = ""; VariantName = "[No Variations]"
Change component parameters: Designator = "J8" ("J8"); Footprint = "SMA-OSHPARK-4L-1.6MM- ALT3"; UniqueID = "\IXMGVSXB" ("\IXMGVSXB")
Change component parameters (AddParameter): Name = "Digi-Key_Part_Number"; Value = "CONSMA001-SMD-G-ND"; VariantName = "[No Variations]"
Change component parameters (AddParameter): Name = "Digi-Key_Purchase_URL"; Value = "https://www.digikey.com/product-detail/en/linx-technologies-inc/CONSMA001-SMD-G/CONSMA001-SMD-G-ND/4496569?utm_source=snapeda&utm_medium=aggregator&utm_campaign=symbol"; VariantName = "[No Variations]"
Change component parameters (AddParameter): Name = "MF"; Value = "Linx Technologies"; VariantName = "[No Variations]"
Change component parameters (AddParameter): Name = "MP"; Value = "CONSMA001-SMD-G"; VariantName = "[No Variations]"
Change component parameters (AddParameter): Name = "Package"; Value = "None"; VariantName = "[No Variations]"
Change component parameters (AddParameter): Name = "SnapEDA_Link"; Value = "https://www.snapeda.com/parts/CONSMA001-SMD-G/Linx%20Technologies%20Inc./view-part/?ref=snap"; VariantName = "[No Variations]"
Change component parameters (AddParameter): Name = "Supplier 1"; Value = "Digi-Key"; VariantName = "[No Variations]"
Change component parameters (AddParameter): Name = "Supplier Part Number 1"; Value = "CONSMA001-SMD-G-ND"; VariantName = "[No Variations]"
Change component parameters (AddParameter): Name = "Value"; Value = ""; VariantName = "[No Variations]"
Change component parameters: Designator = "J9" ("J9"); Footprint = "SMA-OSHPARK-4L-1.6MM- ALT3"; UniqueID = "\JLYLAXKR" ("\JLYLAXKR")
Change component parameters (AddParameter): Name = "Digi-Key_Part_Number"; Value = "CONSMA001-SMD-G-ND"; VariantName = "[No Variations]"
Change component parameters (AddParameter): Name = "Digi-Key_Purchase_URL"; Value = "https://www.digikey.com/product-detail/en/linx-technologies-inc/CONSMA001-SMD-G/CONSMA001-SMD-G-ND/4496569?utm_source=snapeda&utm_medium=aggregator&utm_campaign=symbol"; VariantName = "[No Variations]"
Change component parameters (AddParameter): Name = "MF"; Value = "Linx Technologies"; VariantName = "[No Variations]"
Change component parameters (AddParameter): Name = "MP"; Value = "CONSMA001-SMD-G"; VariantName = "[No Variations]"
Change component parameters (AddParameter): Name = "Package"; Value = "None"; VariantName = "[No Variations]"
Change component parameters (AddParameter): Name = "SnapEDA_Link"; Value = "https://www.snapeda.com/parts/CONSMA001-SMD-G/Linx%20Technologies%20Inc./view-part/?ref=snap"; VariantName = "[No Variations]"
Change component parameters (AddParameter): Name = "Supplier 1"; Value = "Digi-Key"; VariantName = "[No Variations]"
Change component parameters (AddParameter): Name = "Supplier Part Number 1"; Value = "CONSMA001-SMD-G-ND"; VariantName = "[No Variations]"
Change component parameters (AddParameter): Name = "Value"; Value = ""; VariantName = "[No Variations]"
Change Net Name : Old Net Name=NetJ7_SIG New Net Name=NetJ7_C
Change Net Name : Old Net Name=NetJ8_SIG New Net Name=NetJ8_C
Change Net Name : Old Net Name=NetJ9_SIG New Net Name=NetJ9_C
