Added Component: Designator=P1(HDR2X4)
Add component. Clean all parameters for all variants
Add component (AddParameter): Name = "LatestRevisionDate"; Value = "17-Jul-2002"; VariantName = "[No Variations]"
Add component (AddParameter): Name = "LatestRevisionNote"; Value = "Re-released for DXP Platform."; VariantName = "[No Variations]"
Add component (AddParameter): Name = "Publisher"; Value = "Altium Limited"; VariantName = "[No Variations]"
Added Pin To Net: NetName=3V3 Pin=P1-1
Added Pin To Net: NetName=GND Pin=P1-2
Added Pin To Net: NetName=3V3 Pin=P1-3
Added Pin To Net: NetName=3V3 Pin=P1-4
Added Pin To Net: NetName=GND Pin=P1-7
Added Pin To Net: NetName=GND Pin=P1-8
Added Pin To Net: NetName=A Pin=P1-5
Added Net: Name=A
Added Pin To Net: NetName=B Pin=P1-6
Added Net: Name=B
Added Member To Class: ClassName=408HR_pcbminions Member=Component J14 SMA 50 Ohm edge
Added Member To Class: ClassName=408HR_pcbminions Member=Component P1 Header 4X2
Added Rule: Name=Schematic Width Constraint_3
Added Rule: Name=Schematic Width Constraint_11
Added Rule: Name=Schematic Width Constraint_16
Added Rule: Name=Schematic Width Constraint_17
Added Rule: Name=Schematic Width Constraint_18
