PCAD Importer Log
Project : AP2112K-3.3TRG1.LibPkg

Section : C:\Users\dinesh-wcsnglab-10\OneDrive - UC San Diego\WCSN Lab\PCB_Main\Projects\FDR_LPWAN_PCBs\6G_ISOLA\AP2112K-3.3TRG1.lia
    Section : PCB Library - AP2112K-3.3TRG1.PcbLib
        Section : Load Messages
            Warning - 1 : Skipping Token AP2112K-3.3TRG1 On Line 134
            Warning - 1 : Skipping Token attachedSymbol On Line 201
        EndSection

        Section : Import Messages
        EndSection
    EndSection

    Section : SCH Library - AP2112K-3.3TRG1.SchLib
        Section : Parsing Messages
            Warning - 1 : Skipping Token padStyleDef On Line 9
            Warning - 1 : Skipping Token multiLayer On Line 84
            Warning - 1 : Skipping Token layerContents On Line 91
            Warning - 1 : Skipping Token layerContents On Line 100
            Warning - 1 : Skipping Token layerContents On Line 109
            Warning - 1 : Skipping Token layerContents On Line 118
        EndSection

        Section : Generating SCH Library - AP2112K-3.3TRG1.SchLib
        EndSection
    EndSection
EndSection
